Using pre-set license
Built from '2021.3/china_unity/release' branch; Version is '2021.3.6f1c1 (07401303b748) revision 475155'; Using compiler version '192829333'; Build Type 'Release'
OS: 'Windows 11  (10.0.22000) 64bit Core' Language: 'zh' Physical Memory: 7985 MB
BatchMode: 1, IsHumanControllingUs: 0, StartBugReporterOnCrash: 0, Is64bit: 1, IsPro: 1

COMMAND LINE ARGUMENTS:
D:\Unity\EDITOR\2021.3.6f1c1\Editor\Unity.exe
-adb2
-batchMode
-noUpm
-name
AssetImportWorker2
-projectPath
D:/Unity/PROJECT/RhythmicStg Lite
-logFile
Logs/AssetImportWorker2.log
-srvPort
12808
Successfully changed project path to: D:/Unity/PROJECT/RhythmicStg Lite
D:/Unity/PROJECT/RhythmicStg Lite
[UnityMemory] Configuration Parameters - Can be set up in boot.config
    "memorysetup-bucket-allocator-granularity=16"
    "memorysetup-bucket-allocator-bucket-count=8"
    "memorysetup-bucket-allocator-block-size=33554432"
    "memorysetup-bucket-allocator-block-count=8"
    "memorysetup-main-allocator-block-size=16777216"
    "memorysetup-thread-allocator-block-size=16777216"
    "memorysetup-gfx-main-allocator-block-size=16777216"
    "memorysetup-gfx-thread-allocator-block-size=16777216"
    "memorysetup-cache-allocator-block-size=4194304"
    "memorysetup-typetree-allocator-block-size=2097152"
    "memorysetup-profiler-bucket-allocator-granularity=16"
    "memorysetup-profiler-bucket-allocator-bucket-count=8"
    "memorysetup-profiler-bucket-allocator-block-size=33554432"
    "memorysetup-profiler-bucket-allocator-block-count=8"
    "memorysetup-profiler-allocator-block-size=16777216"
    "memorysetup-profiler-editor-allocator-block-size=1048576"
    "memorysetup-temp-allocator-size-main=16777216"
    "memorysetup-job-temp-allocator-block-size=2097152"
    "memorysetup-job-temp-allocator-block-size-background=1048576"
    "memorysetup-job-temp-allocator-reduction-small-platforms=262144"
    "memorysetup-temp-allocator-size-background-worker=32768"
    "memorysetup-temp-allocator-size-job-worker=262144"
    "memorysetup-temp-allocator-size-preload-manager=33554432"
    "memorysetup-temp-allocator-size-nav-mesh-worker=65536"
    "memorysetup-temp-allocator-size-audio-worker=65536"
    "memorysetup-temp-allocator-size-cloud-worker=32768"
    "memorysetup-temp-allocator-size-gi-baking-worker=262144"
    "memorysetup-temp-allocator-size-gfx=262144"
AS: AutoStreaming module initializing.
Refreshing native plugins compatible for Editor in 266.42 ms, found 1 plugins.
Preloading 0 native plugins for Editor in 0.00 ms.
Initialize engine version: 2021.3.6f1c1 (07401303b748)
[Subsystems] Discovering subsystems at path D:/Unity/EDITOR/2021.3.6f1c1/Editor/Data/Resources/UnitySubsystems
[Subsystems] Discovering subsystems at path D:/Unity/PROJECT/RhythmicStg Lite/Assets
GfxDevice: creating device client; threaded=0; jobified=0
Direct3D:
    Version:  Direct3D 11.0 [level 11.1]
    Renderer: NVIDIA GeForce GTX 1650 (ID=0x1f99)
    Vendor:   NVIDIA
    VRAM:     3962 MB
    Driver:   30.0.15.1272
Initialize mono
Mono path[0] = 'D:/Unity/EDITOR/2021.3.6f1c1/Editor/Data/Managed'
Mono path[1] = 'D:/Unity/EDITOR/2021.3.6f1c1/Editor/Data/MonoBleedingEdge/lib/mono/unityjit-win32'
Mono config path = 'D:/Unity/EDITOR/2021.3.6f1c1/Editor/Data/MonoBleedingEdge/etc'
Using monoOptions --debugger-agent=transport=dt_socket,embedding=1,server=y,suspend=n,address=127.0.0.1:56296
Begin MonoManager ReloadAssembly
Registering precompiled unity dll's ...
Register platform support module: D:/Unity/EDITOR/2021.3.6f1c1/Editor/Data/PlaybackEngines/WindowsStandaloneSupport/UnityEditor.WindowsStandalone.Extensions.dll
Registered in 0.007167 seconds.
Native extension for WindowsStandalone target not found
Refreshing native plugins compatible for Editor in 57.95 ms, found 1 plugins.
Preloading 0 native plugins for Editor in 0.00 ms.
Mono: successfully reloaded assembly
- Completed reload, in  0.707 seconds
Domain Reload Profiling:
	ReloadAssembly (707ms)
		BeginReloadAssembly (139ms)
			ExecutionOrderSort (0ms)
			DisableScriptedObjects (0ms)
			BackupInstance (0ms)
			ReleaseScriptingObjects (0ms)
			CreateAndSetChildDomain (1ms)
		EndReloadAssembly (434ms)
			LoadAssemblies (132ms)
			RebuildTransferFunctionScriptingTraits (0ms)
			SetupTypeCache (104ms)
			ReleaseScriptCaches (0ms)
			RebuildScriptCaches (27ms)
			SetupLoadedEditorAssemblies (244ms)
				LogAssemblyErrors (0ms)
				InitializePlatformSupportModulesInManaged (10ms)
				SetLoadedEditorAssemblies (0ms)
				RefreshPlugins (58ms)
				BeforeProcessingInitializeOnLoad (1ms)
				ProcessInitializeOnLoadAttributes (125ms)
				ProcessInitializeOnLoadMethodAttributes (50ms)
				AfterProcessingInitializeOnLoad (0ms)
				EditorAssembliesLoaded (0ms)
			ExecutionOrderSort2 (0ms)
			AwakeInstancesAfterBackupRestoration (0ms)
Platform modules already initialized, skipping
Registering precompiled user dll's ...
Registered in 0.011491 seconds.
Begin MonoManager ReloadAssembly
Native extension for WindowsStandalone target not found
Refreshing native plugins compatible for Editor in 61.15 ms, found 1 plugins.
Preloading 0 native plugins for Editor in 0.00 ms.
Mono: successfully reloaded assembly
- Completed reload, in  1.206 seconds
Domain Reload Profiling:
	ReloadAssembly (1207ms)
		BeginReloadAssembly (129ms)
			ExecutionOrderSort (0ms)
			DisableScriptedObjects (5ms)
			BackupInstance (0ms)
			ReleaseScriptingObjects (0ms)
			CreateAndSetChildDomain (19ms)
		EndReloadAssembly (938ms)
			LoadAssemblies (175ms)
			RebuildTransferFunctionScriptingTraits (0ms)
			SetupTypeCache (199ms)
			ReleaseScriptCaches (1ms)
			RebuildScriptCaches (52ms)
			SetupLoadedEditorAssemblies (464ms)
				LogAssemblyErrors (0ms)
				InitializePlatformSupportModulesInManaged (4ms)
				SetLoadedEditorAssemblies (0ms)
				RefreshPlugins (61ms)
				BeforeProcessingInitializeOnLoad (103ms)
				ProcessInitializeOnLoadAttributes (182ms)
				ProcessInitializeOnLoadMethodAttributes (97ms)
				AfterProcessingInitializeOnLoad (16ms)
				EditorAssembliesLoaded (0ms)
			ExecutionOrderSort2 (0ms)
			AwakeInstancesAfterBackupRestoration (9ms)
Platform modules already initialized, skipping
========================================================================
Worker process is ready to serve import requests
Launched and connected shader compiler UnityShaderCompiler.exe after 0.06 seconds
Refreshing native plugins compatible for Editor in 0.60 ms, found 1 plugins.
Preloading 0 native plugins for Editor in 0.00 ms.
Unloading 3610 Unused Serialized files (Serialized files now loaded: 0)
Unloading 47 unused Assets / (1.2 MB). Loaded Objects now: 4065.
Memory consumption went from 167.1 MB to 165.9 MB.
Total: 5.989500 ms (FindLiveObjects: 0.296500 ms CreateObjectMapping: 0.218300 ms MarkObjects: 4.856700 ms  DeleteObjects: 0.617200 ms)

AssetImportParameters requested are different than current active one (requested -> active):
  custom:video-decoder-ogg-theora: a1e56fd34408186e4bbccfd4996cb3dc -> 
  custom:container-muxer-webm: aa71ff27fc2769a1b78a27578f13a17b -> 
  custom:container-demuxer-webm: 4f35f7cbe854078d1ac9338744f61a02 -> 
  custom:video-encoder-webm-vp8: eb34c28f22e8b96e1ab97ce403110664 -> 
  custom:audio-encoder-webm-vorbis: bf7c407c2cedff20999df2af8eb42d56 -> 
  custom:framework-win-MediaFoundation: 216162199b28c13a410421893ffa2e32 -> 
  custom:container-demuxer-ogg: 62fdf1f143b41e24485cea50d1cbac27 -> 
  custom:video-decoder-webm-vp8: 9c59270c3fd7afecdb556c50c9e8de78 -> 
  custom:audio-decoder-ogg-vorbis: bf7c407c2cedff20999df2af8eb42d56 -> 
========================================================================
Received Import Request.
  Time since last request: 43835.721400 seconds.
  path: Assets/3.Resources/image/taki conductor/taki conductor 9.psd
  artifactKey: Guid(3dce59afce48e7c428f48826840d95f3) Importer(815301076,1909f56bfc062723c751e8b465ee728b)
Start importing Assets/3.Resources/image/taki conductor/taki conductor 9.psd using Guid(3dce59afce48e7c428f48826840d95f3) Importer(815301076,1909f56bfc062723c751e8b465ee728b)  -> (artifact id: 'e599f4f082796fab98e1c2c60a73538a') in 0.139924 seconds 
========================================================================
Received Import Request.
  Time since last request: 0.000042 seconds.
  path: Assets/3.Resources/image/taki conductor/taki conductor 4.psd
  artifactKey: Guid(223b50302f1a89b4b8e224aafd3a8450) Importer(815301076,1909f56bfc062723c751e8b465ee728b)
Start importing Assets/3.Resources/image/taki conductor/taki conductor 4.psd using Guid(223b50302f1a89b4b8e224aafd3a8450) Importer(815301076,1909f56bfc062723c751e8b465ee728b)  -> (artifact id: 'ceeb025cfe545ed9c8743944be45361e') in 0.019680 seconds 
========================================================================
Received Import Request.
  Time since last request: 0.000040 seconds.
  path: Assets/3.Resources/image/taki conductor/taki conductor 5.psd
  artifactKey: Guid(edcacbf4265e2874eb8c3208338d6671) Importer(815301076,1909f56bfc062723c751e8b465ee728b)
Start importing Assets/3.Resources/image/taki conductor/taki conductor 5.psd using Guid(edcacbf4265e2874eb8c3208338d6671) Importer(815301076,1909f56bfc062723c751e8b465ee728b)  -> (artifact id: '07cdc4517f4b4eb91baa303216f6b88d') in 0.020210 seconds 
========================================================================
Received Import Request.
  Time since last request: 0.000050 seconds.
  path: Assets/3.Resources/image/taki conductor/taki conductor 10.psd
  artifactKey: Guid(b22a348f58b81494a954b374df17d6d4) Importer(815301076,1909f56bfc062723c751e8b465ee728b)
Start importing Assets/3.Resources/image/taki conductor/taki conductor 10.psd using Guid(b22a348f58b81494a954b374df17d6d4) Importer(815301076,1909f56bfc062723c751e8b465ee728b)  -> (artifact id: '375a6aa936759064b0771d281ef46b65') in 0.020613 seconds 
========================================================================
Received Import Request.
  Time since last request: 0.000029 seconds.
  path: Assets/3.Resources/image/taki conductor/taki conductor 13.psd
  artifactKey: Guid(40a7bc0926f2a5049a5e729384379677) Importer(815301076,1909f56bfc062723c751e8b465ee728b)
Start importing Assets/3.Resources/image/taki conductor/taki conductor 13.psd using Guid(40a7bc0926f2a5049a5e729384379677) Importer(815301076,1909f56bfc062723c751e8b465ee728b)  -> (artifact id: '5b304a936ba0fb4f3fb375d5fd1f6713') in 0.022738 seconds 
========================================================================
Received Import Request.
  Time since last request: 0.000039 seconds.
  path: Assets/3.Resources/image/taki conductor/taki conductor 14.psd
  artifactKey: Guid(847bf0c51da5d4e40b4d429df4195030) Importer(815301076,1909f56bfc062723c751e8b465ee728b)
Start importing Assets/3.Resources/image/taki conductor/taki conductor 14.psd using Guid(847bf0c51da5d4e40b4d429df4195030) Importer(815301076,1909f56bfc062723c751e8b465ee728b)  -> (artifact id: 'c5d531ca9738db3d5ef50827d926e2bb') in 0.019226 seconds 
========================================================================
Received Import Request.
  Time since last request: 0.000032 seconds.
  path: Assets/3.Resources/image/taki conductor/taki conductor 20.psd
  artifactKey: Guid(3dbb93440a5acdf4b8e1a40dbf0fb943) Importer(815301076,1909f56bfc062723c751e8b465ee728b)
Start importing Assets/3.Resources/image/taki conductor/taki conductor 20.psd using Guid(3dbb93440a5acdf4b8e1a40dbf0fb943) Importer(815301076,1909f56bfc062723c751e8b465ee728b)  -> (artifact id: 'a703d6b9561a6cd036a5cd27f70f248d') in 0.021150 seconds 
========================================================================
Received Import Request.
  Time since last request: 13.488739 seconds.
  path: Assets/3.Resources/image/Taki.spriteatlas
  artifactKey: Guid(d3ad18249a0f1b7409cc58202f9be50d) Importer(815301076,1909f56bfc062723c751e8b465ee728b)
Start importing Assets/3.Resources/image/Taki.spriteatlas using Guid(d3ad18249a0f1b7409cc58202f9be50d) Importer(815301076,1909f56bfc062723c751e8b465ee728b)  -> (artifact id: '8c1d411dcb7b9549ccb0cc8d5d1225eb') in 0.012156 seconds 
========================================================================
Received Import Request.
  Time since last request: 7.873276 seconds.
  path: Assets/3.Resources/image/Taki.spriteatlas
  artifactKey: Guid(d3ad18249a0f1b7409cc58202f9be50d) Importer(815301076,1909f56bfc062723c751e8b465ee728b)
Start importing Assets/3.Resources/image/Taki.spriteatlas using Guid(d3ad18249a0f1b7409cc58202f9be50d) Importer(815301076,1909f56bfc062723c751e8b465ee728b)  -> (artifact id: '59d669c5045a67c6c8506af346487350') in 0.004189 seconds 
